<?xml version="1.0" encoding="utf-8"?>
<TestRun id="c32b83d8-c1c2-4650-972a-b9a37bf1510d" name="dheov@DHEOVANI 2026-07-17 11:48:14" runUser="Dheovani\CodexSandboxOffline" xmlns="http://microsoft.com/schemas/VisualStudio/TeamTest/2010">
  <Times creation="2026-07-17T11:48:14.3060261-03:00" queuing="2026-07-17T11:48:14.3060262-03:00" start="2026-07-17T11:48:13.7464760-03:00" finish="2026-07-17T11:48:14.3099817-03:00" />
  <TestSettings name="default" id="ecc4fa31-9712-43d9-8bd9-63db7b6b6aa1">
    <Deployment runDeploymentRoot="dheov_DHEOVANI_2026-07-17_11_48_14" />
  </TestSettings>
  <Results>
    <UnitTestResult executionId="596c8415-665b-4a6c-90ee-c22970c2e858" testId="4ae5dada-b6ca-2ee9-f88f-9a52403d2363" testName="RobotStudio.Domain.Tests.RobotProfileTests.ValidatePosition_Throws_WhenPositionIsOutsideAxisLimits" computerName="DHEOVANI" duration="00:00:00.0062478" startTime="2026-07-17T11:48:14.2066206-03:00" endTime="2026-07-17T11:48:14.2189946-03:00" testType="13cdc9d9-ddb5-4fa4-a97d-d965ccfc6d4b" outcome="Passed" testListId="8c84fa94-04c1-424b-9868-57a2d4851a1d" relativeResultsDirectory="596c8415-665b-4a6c-90ee-c22970c2e858" />
    <UnitTestResult executionId="e34eb0e1-d3bc-4281-960c-fdcf728ca7fe" testId="2972c4e0-ec69-72af-b83a-083148acfca5" testName="RobotStudio.Domain.Tests.RobotProfileTests.ValidatePosition_DoesNotThrow_WhenPositionIsInsideAxisLimits" computerName="DHEOVANI" duration="00:00:00.0004903" startTime="2026-07-17T11:48:14.2270104-03:00" endTime="2026-07-17T11:48:14.2270586-03:00" testType="13cdc9d9-ddb5-4fa4-a97d-d965ccfc6d4b" outcome="Passed" testListId="8c84fa94-04c1-424b-9868-57a2d4851a1d" relativeResultsDirectory="e34eb0e1-d3bc-4281-960c-fdcf728ca7fe" />
  </Results>
  <TestDefinitions>
    <UnitTest name="RobotStudio.Domain.Tests.RobotProfileTests.ValidatePosition_Throws_WhenPositionIsOutsideAxisLimits" storage="c:\users\dheov\documents\codes\robot-studio\tests\robotstudio.domain.tests\bin\release\net10.0\robotstudio.domain.tests.dll" id="4ae5dada-b6ca-2ee9-f88f-9a52403d2363">
      <Execution id="596c8415-665b-4a6c-90ee-c22970c2e858" />
      <TestMethod codeBase="C:\Users\dheov\Documents\Codes\robot-studio\tests\RobotStudio.Domain.Tests\bin\Release\net10.0\RobotStudio.Domain.Tests.dll" adapterTypeName="executor://xunit/VsTestRunner3/netcore/" className="RobotStudio.Domain.Tests.RobotProfileTests" name="ValidatePosition_Throws_WhenPositionIsOutsideAxisLimits" />
    </UnitTest>
    <UnitTest name="RobotStudio.Domain.Tests.RobotProfileTests.ValidatePosition_DoesNotThrow_WhenPositionIsInsideAxisLimits" storage="c:\users\dheov\documents\codes\robot-studio\tests\robotstudio.domain.tests\bin\release\net10.0\robotstudio.domain.tests.dll" id="2972c4e0-ec69-72af-b83a-083148acfca5">
      <Execution id="e34eb0e1-d3bc-4281-960c-fdcf728ca7fe" />
      <TestMethod codeBase="C:\Users\dheov\Documents\Codes\robot-studio\tests\RobotStudio.Domain.Tests\bin\Release\net10.0\RobotStudio.Domain.Tests.dll" adapterTypeName="executor://xunit/VsTestRunner3/netcore/" className="RobotStudio.Domain.Tests.RobotProfileTests" name="ValidatePosition_DoesNotThrow_WhenPositionIsInsideAxisLimits" />
    </UnitTest>
  </TestDefinitions>
  <TestEntries>
    <TestEntry testId="4ae5dada-b6ca-2ee9-f88f-9a52403d2363" executionId="596c8415-665b-4a6c-90ee-c22970c2e858" testListId="8c84fa94-04c1-424b-9868-57a2d4851a1d" />
    <TestEntry testId="2972c4e0-ec69-72af-b83a-083148acfca5" executionId="e34eb0e1-d3bc-4281-960c-fdcf728ca7fe" testListId="8c84fa94-04c1-424b-9868-57a2d4851a1d" />
  </TestEntries>
  <TestLists>
    <TestList name="Resultados que não estão em uma lista" id="8c84fa94-04c1-424b-9868-57a2d4851a1d" />
    <TestList name="Todos os resultados carregados" id="19431567-8539-422a-85d7-44ee4e166bda" />
  </TestLists>
  <ResultSummary outcome="Completed">
    <Counters total="2" executed="2" passed="2" failed="0" error="0" timeout="0" aborted="0" inconclusive="0" passedButRunAborted="0" notRunnable="0" notExecuted="0" disconnected="0" warning="0" completed="0" inProgress="0" pending="0" />
    <Output>
      <StdOut>[xUnit.net 00:00:00.00] xUnit.net VSTest Adapter v3.1.4+50e68bbb8b (64-bit .NET 10.0.10)&#xD;
[xUnit.net 00:00:00.07]   Discovering: RobotStudio.Domain.Tests&#xD;
[xUnit.net 00:00:00.10]   Discovered:  RobotStudio.Domain.Tests&#xD;
[xUnit.net 00:00:00.11]   Starting:    RobotStudio.Domain.Tests&#xD;
[xUnit.net 00:00:00.15]   Finished:    RobotStudio.Domain.Tests&#xD;
</StdOut>
    </Output>
  </ResultSummary>
</TestRun>