<?xml version="1.0" encoding="utf-8"?>
<TestRun id="416b11bd-c03c-4276-b9cd-a0ad948ac914" name="dheov@DHEOVANI 2026-07-17 11:47:30" runUser="Dheovani\CodexSandboxOffline" xmlns="http://microsoft.com/schemas/VisualStudio/TeamTest/2010">
  <Times creation="2026-07-17T11:47:30.9491473-03:00" queuing="2026-07-17T11:47:30.9491475-03:00" start="2026-07-17T11:47:29.8459141-03:00" finish="2026-07-17T11:47:30.9533182-03:00" />
  <TestSettings name="default" id="9bfc9f26-7f3b-4d90-a9eb-95e6c35e4baf">
    <Deployment runDeploymentRoot="dheov_DHEOVANI_2026-07-17_11_47_30" />
  </TestSettings>
  <Results>
    <UnitTestResult executionId="164d53c5-f06c-4df8-b697-c4977ca09412" testId="2972c4e0-ec69-72af-b83a-083148acfca5" testName="RobotStudio.Domain.Tests.RobotProfileTests.ValidatePosition_DoesNotThrow_WhenPositionIsInsideAxisLimits" computerName="DHEOVANI" duration="00:00:00.0004109" startTime="2026-07-17T11:47:30.8662950-03:00" endTime="2026-07-17T11:47:30.8663567-03:00" testType="13cdc9d9-ddb5-4fa4-a97d-d965ccfc6d4b" outcome="Passed" testListId="8c84fa94-04c1-424b-9868-57a2d4851a1d" relativeResultsDirectory="164d53c5-f06c-4df8-b697-c4977ca09412" />
    <UnitTestResult executionId="62c30da7-ad9f-43ef-9562-c1cfedb91c8a" testId="4ae5dada-b6ca-2ee9-f88f-9a52403d2363" testName="RobotStudio.Domain.Tests.RobotProfileTests.ValidatePosition_Throws_WhenPositionIsOutsideAxisLimits" computerName="DHEOVANI" duration="00:00:00.0908680" startTime="2026-07-17T11:47:30.7616234-03:00" endTime="2026-07-17T11:47:30.8580216-03:00" testType="13cdc9d9-ddb5-4fa4-a97d-d965ccfc6d4b" outcome="Passed" testListId="8c84fa94-04c1-424b-9868-57a2d4851a1d" relativeResultsDirectory="62c30da7-ad9f-43ef-9562-c1cfedb91c8a" />
  </Results>
  <TestDefinitions>
    <UnitTest name="RobotStudio.Domain.Tests.RobotProfileTests.ValidatePosition_Throws_WhenPositionIsOutsideAxisLimits" storage="c:\users\dheov\documents\codes\robot-studio\tests\robotstudio.domain.tests\bin\release\net10.0\robotstudio.domain.tests.dll" id="4ae5dada-b6ca-2ee9-f88f-9a52403d2363">
      <Execution id="62c30da7-ad9f-43ef-9562-c1cfedb91c8a" />
      <TestMethod codeBase="C:\Users\dheov\Documents\Codes\robot-studio\tests\RobotStudio.Domain.Tests\bin\Release\net10.0\RobotStudio.Domain.Tests.dll" adapterTypeName="executor://xunit/VsTestRunner3/netcore/" className="RobotStudio.Domain.Tests.RobotProfileTests" name="ValidatePosition_Throws_WhenPositionIsOutsideAxisLimits" />
    </UnitTest>
    <UnitTest name="RobotStudio.Domain.Tests.RobotProfileTests.ValidatePosition_DoesNotThrow_WhenPositionIsInsideAxisLimits" storage="c:\users\dheov\documents\codes\robot-studio\tests\robotstudio.domain.tests\bin\release\net10.0\robotstudio.domain.tests.dll" id="2972c4e0-ec69-72af-b83a-083148acfca5">
      <Execution id="164d53c5-f06c-4df8-b697-c4977ca09412" />
      <TestMethod codeBase="C:\Users\dheov\Documents\Codes\robot-studio\tests\RobotStudio.Domain.Tests\bin\Release\net10.0\RobotStudio.Domain.Tests.dll" adapterTypeName="executor://xunit/VsTestRunner3/netcore/" className="RobotStudio.Domain.Tests.RobotProfileTests" name="ValidatePosition_DoesNotThrow_WhenPositionIsInsideAxisLimits" />
    </UnitTest>
  </TestDefinitions>
  <TestEntries>
    <TestEntry testId="2972c4e0-ec69-72af-b83a-083148acfca5" executionId="164d53c5-f06c-4df8-b697-c4977ca09412" testListId="8c84fa94-04c1-424b-9868-57a2d4851a1d" />
    <TestEntry testId="4ae5dada-b6ca-2ee9-f88f-9a52403d2363" executionId="62c30da7-ad9f-43ef-9562-c1cfedb91c8a" testListId="8c84fa94-04c1-424b-9868-57a2d4851a1d" />
  </TestEntries>
  <TestLists>
    <TestList name="Resultados que não estão em uma lista" id="8c84fa94-04c1-424b-9868-57a2d4851a1d" />
    <TestList name="Todos os resultados carregados" id="19431567-8539-422a-85d7-44ee4e166bda" />
  </TestLists>
  <ResultSummary outcome="Completed">
    <Counters total="2" executed="2" passed="2" failed="0" error="0" timeout="0" aborted="0" inconclusive="0" passedButRunAborted="0" notRunnable="0" notExecuted="0" disconnected="0" warning="0" completed="0" inProgress="0" pending="0" />
    <Output>
      <StdOut>[xUnit.net 00:00:00.00] xUnit.net VSTest Adapter v3.1.4+50e68bbb8b (64-bit .NET 10.0.10)&#xD;
[xUnit.net 00:00:00.30]   Discovering: RobotStudio.Domain.Tests&#xD;
[xUnit.net 00:00:00.33]   Discovered:  RobotStudio.Domain.Tests&#xD;
[xUnit.net 00:00:00.35]   Starting:    RobotStudio.Domain.Tests&#xD;
[xUnit.net 00:00:00.48]   Finished:    RobotStudio.Domain.Tests&#xD;
</StdOut>
    </Output>
  </ResultSummary>
</TestRun>