<?xml version="1.0" encoding="utf-8"?>
<TestRun id="539afdbe-0c0e-4f34-831d-93476a0d5ef1" name="dheov@DHEOVANI 2026-07-17 11:47:30" runUser="Dheovani\CodexSandboxOffline" xmlns="http://microsoft.com/schemas/VisualStudio/TeamTest/2010">
  <Times creation="2026-07-17T11:47:30.9807421-03:00" queuing="2026-07-17T11:47:30.9807422-03:00" start="2026-07-17T11:47:29.8459141-03:00" finish="2026-07-17T11:47:30.9845744-03:00" />
  <TestSettings name="default" id="7f761a34-f12a-409f-b2fa-aaa1bdf1460e">
    <Deployment runDeploymentRoot="dheov_DHEOVANI_2026-07-17_11_47_30" />
  </TestSettings>
  <Results>
    <UnitTestResult executionId="e4603cde-567b-4468-b6c0-eabc7f916f59" testId="a3e333f7-064e-9ad7-d528-a3c64139f759" testName="RobotStudio.Motion.Tests.MotionPlannerTests.PlanLinearMove_Throws_WhenEndPositionIsOutsideLimits" computerName="DHEOVANI" duration="00:00:00.0013259" startTime="2026-07-17T11:47:30.8964961-03:00" endTime="2026-07-17T11:47:30.8965441-03:00" testType="13cdc9d9-ddb5-4fa4-a97d-d965ccfc6d4b" outcome="Passed" testListId="8c84fa94-04c1-424b-9868-57a2d4851a1d" relativeResultsDirectory="e4603cde-567b-4468-b6c0-eabc7f916f59" />
    <UnitTestResult executionId="dd51738d-b936-411e-bc90-661ae20a79b0" testId="a7469611-693e-86b3-1cd2-985ddfebae75" testName="RobotStudio.Motion.Tests.MotionPlannerTests.PlanLinearMove_ReturnsPositiveDuration_WhenMovementHasDisplacement" computerName="DHEOVANI" duration="00:00:00.0012037" startTime="2026-07-17T11:47:30.8959688-03:00" endTime="2026-07-17T11:47:30.8960301-03:00" testType="13cdc9d9-ddb5-4fa4-a97d-d965ccfc6d4b" outcome="Passed" testListId="8c84fa94-04c1-424b-9868-57a2d4851a1d" relativeResultsDirectory="dd51738d-b936-411e-bc90-661ae20a79b0" />
    <UnitTestResult executionId="12daee5a-c99c-4877-94a3-76a4b6ee43ff" testId="332e5db5-bb9a-164e-3d1f-59b963cbf9e7" testName="RobotStudio.Motion.Tests.MotionPlannerTests.PlanLinearMove_ReturnsPlan_WhenMovementIsValid" computerName="DHEOVANI" duration="00:00:00.0024045" startTime="2026-07-17T11:47:30.8966315-03:00" endTime="2026-07-17T11:47:30.8966612-03:00" testType="13cdc9d9-ddb5-4fa4-a97d-d965ccfc6d4b" outcome="Passed" testListId="8c84fa94-04c1-424b-9868-57a2d4851a1d" relativeResultsDirectory="12daee5a-c99c-4877-94a3-76a4b6ee43ff" />
    <UnitTestResult executionId="18dc9c47-9d6d-4274-ad64-01f92b32155d" testId="be367df0-4f3f-27da-f6f7-2e1e32844daa" testName="RobotStudio.Motion.Tests.MotionPlannerTests.PlanLinearMove_ReturnsStationaryPlan_WhenStartEqualsEnd" computerName="DHEOVANI" duration="00:00:00.1556416" startTime="2026-07-17T11:47:30.7256551-03:00" endTime="2026-07-17T11:47:30.8871910-03:00" testType="13cdc9d9-ddb5-4fa4-a97d-d965ccfc6d4b" outcome="Passed" testListId="8c84fa94-04c1-424b-9868-57a2d4851a1d" relativeResultsDirectory="18dc9c47-9d6d-4274-ad64-01f92b32155d" />
  </Results>
  <TestDefinitions>
    <UnitTest name="RobotStudio.Motion.Tests.MotionPlannerTests.PlanLinearMove_ReturnsPositiveDuration_WhenMovementHasDisplacement" storage="c:\users\dheov\documents\codes\robot-studio\tests\robotstudio.motion.tests\bin\release\net10.0\robotstudio.motion.tests.dll" id="a7469611-693e-86b3-1cd2-985ddfebae75">
      <Execution id="dd51738d-b936-411e-bc90-661ae20a79b0" />
      <TestMethod codeBase="C:\Users\dheov\Documents\Codes\robot-studio\tests\RobotStudio.Motion.Tests\bin\Release\net10.0\RobotStudio.Motion.Tests.dll" adapterTypeName="executor://xunit/VsTestRunner3/netcore/" className="RobotStudio.Motion.Tests.MotionPlannerTests" name="PlanLinearMove_ReturnsPositiveDuration_WhenMovementHasDisplacement" />
    </UnitTest>
    <UnitTest name="RobotStudio.Motion.Tests.MotionPlannerTests.PlanLinearMove_Throws_WhenEndPositionIsOutsideLimits" storage="c:\users\dheov\documents\codes\robot-studio\tests\robotstudio.motion.tests\bin\release\net10.0\robotstudio.motion.tests.dll" id="a3e333f7-064e-9ad7-d528-a3c64139f759">
      <Execution id="e4603cde-567b-4468-b6c0-eabc7f916f59" />
      <TestMethod codeBase="C:\Users\dheov\Documents\Codes\robot-studio\tests\RobotStudio.Motion.Tests\bin\Release\net10.0\RobotStudio.Motion.Tests.dll" adapterTypeName="executor://xunit/VsTestRunner3/netcore/" className="RobotStudio.Motion.Tests.MotionPlannerTests" name="PlanLinearMove_Throws_WhenEndPositionIsOutsideLimits" />
    </UnitTest>
    <UnitTest name="RobotStudio.Motion.Tests.MotionPlannerTests.PlanLinearMove_ReturnsPlan_WhenMovementIsValid" storage="c:\users\dheov\documents\codes\robot-studio\tests\robotstudio.motion.tests\bin\release\net10.0\robotstudio.motion.tests.dll" id="332e5db5-bb9a-164e-3d1f-59b963cbf9e7">
      <Execution id="12daee5a-c99c-4877-94a3-76a4b6ee43ff" />
      <TestMethod codeBase="C:\Users\dheov\Documents\Codes\robot-studio\tests\RobotStudio.Motion.Tests\bin\Release\net10.0\RobotStudio.Motion.Tests.dll" adapterTypeName="executor://xunit/VsTestRunner3/netcore/" className="RobotStudio.Motion.Tests.MotionPlannerTests" name="PlanLinearMove_ReturnsPlan_WhenMovementIsValid" />
    </UnitTest>
    <UnitTest name="RobotStudio.Motion.Tests.MotionPlannerTests.PlanLinearMove_ReturnsStationaryPlan_WhenStartEqualsEnd" storage="c:\users\dheov\documents\codes\robot-studio\tests\robotstudio.motion.tests\bin\release\net10.0\robotstudio.motion.tests.dll" id="be367df0-4f3f-27da-f6f7-2e1e32844daa">
      <Execution id="18dc9c47-9d6d-4274-ad64-01f92b32155d" />
      <TestMethod codeBase="C:\Users\dheov\Documents\Codes\robot-studio\tests\RobotStudio.Motion.Tests\bin\Release\net10.0\RobotStudio.Motion.Tests.dll" adapterTypeName="executor://xunit/VsTestRunner3/netcore/" className="RobotStudio.Motion.Tests.MotionPlannerTests" name="PlanLinearMove_ReturnsStationaryPlan_WhenStartEqualsEnd" />
    </UnitTest>
  </TestDefinitions>
  <TestEntries>
    <TestEntry testId="a3e333f7-064e-9ad7-d528-a3c64139f759" executionId="e4603cde-567b-4468-b6c0-eabc7f916f59" testListId="8c84fa94-04c1-424b-9868-57a2d4851a1d" />
    <TestEntry testId="a7469611-693e-86b3-1cd2-985ddfebae75" executionId="dd51738d-b936-411e-bc90-661ae20a79b0" testListId="8c84fa94-04c1-424b-9868-57a2d4851a1d" />
    <TestEntry testId="332e5db5-bb9a-164e-3d1f-59b963cbf9e7" executionId="12daee5a-c99c-4877-94a3-76a4b6ee43ff" testListId="8c84fa94-04c1-424b-9868-57a2d4851a1d" />
    <TestEntry testId="be367df0-4f3f-27da-f6f7-2e1e32844daa" executionId="18dc9c47-9d6d-4274-ad64-01f92b32155d" testListId="8c84fa94-04c1-424b-9868-57a2d4851a1d" />
  </TestEntries>
  <TestLists>
    <TestList name="Resultados que não estão em uma lista" id="8c84fa94-04c1-424b-9868-57a2d4851a1d" />
    <TestList name="Todos os resultados carregados" id="19431567-8539-422a-85d7-44ee4e166bda" />
  </TestLists>
  <ResultSummary outcome="Completed">
    <Counters total="4" executed="4" passed="4" failed="0" error="0" timeout="0" aborted="0" inconclusive="0" passedButRunAborted="0" notRunnable="0" notExecuted="0" disconnected="0" warning="0" completed="0" inProgress="0" pending="0" />
    <Output>
      <StdOut>[xUnit.net 00:00:00.00] xUnit.net VSTest Adapter v3.1.4+50e68bbb8b (64-bit .NET 10.0.10)&#xD;
[xUnit.net 00:00:00.26]   Discovering: RobotStudio.Motion.Tests&#xD;
[xUnit.net 00:00:00.30]   Discovered:  RobotStudio.Motion.Tests&#xD;
[xUnit.net 00:00:00.31]   Starting:    RobotStudio.Motion.Tests&#xD;
[xUnit.net 00:00:00.51]   Finished:    RobotStudio.Motion.Tests&#xD;
</StdOut>
    </Output>
  </ResultSummary>
</TestRun>